MOLPayExample/proguard/seeds.txt
com.molpay.molpayexample.MainActivity
com.molpay.molpayexample.MainActivity: MainActivity()
com.molpay.molpayexample.R$anim: int cycle_7
com.molpay.molpayexample.R$anim: int shake
com.molpay.molpayexample.R$array: int date_month
com.molpay.molpayexample.R$array: int date_year
com.molpay.molpayexample.R$dimen: int activity_horizontal_margin
com.molpay.molpayexample.R$dimen: int activity_vertical_margin
com.molpay.molpayexample.R$drawable: int addcc
com.molpay.molpayexample.R$drawable: int back_arrow
com.molpay.molpayexample.R$drawable: int bgshape
com.molpay.molpayexample.R$drawable: int blank
com.molpay.molpayexample.R$drawable: int btn_dropdown_big
com.molpay.molpayexample.R$drawable: int btn_pay
com.molpay.molpayexample.R$drawable: int buttonshape
com.molpay.molpayexample.R$drawable: int buttonshapedisable
com.molpay.molpayexample.R$drawable: int buttonshapepressed
com.molpay.molpayexample.R$drawable: int ccard
com.molpay.molpayexample.R$drawable: int dropdown
com.molpay.molpayexample.R$drawable: int edit_text
com.molpay.molpayexample.R$drawable: int ic_launcher
com.molpay.molpayexample.R$drawable: int logo_molpay
com.molpay.molpayexample.R$drawable: int mastercard
com.molpay.molpayexample.R$drawable: int molpay_logo
com.molpay.molpayexample.R$drawable: int paymentopt
com.molpay.molpayexample.R$drawable: int pen_edit
com.molpay.molpayexample.R$drawable: int spinner
com.molpay.molpayexample.R$drawable: int visa
com.molpay.molpayexample.R$id: int TextView04
com.molpay.molpayexample.R$id: int View02
com.molpay.molpayexample.R$id: int View03
com.molpay.molpayexample.R$id: int View04
com.molpay.molpayexample.R$id: int View05
com.molpay.molpayexample.R$id: int action_settings
com.molpay.molpayexample.R$id: int btn_back
com.molpay.molpayexample.R$id: int btn_more
com.molpay.molpayexample.R$id: int btn_pay
com.molpay.molpayexample.R$id: int edt_bankName
com.molpay.molpayexample.R$id: int edt_cardNo
com.molpay.molpayexample.R$id: int edt_cvv
com.molpay.molpayexample.R$id: int frag
com.molpay.molpayexample.R$id: int imageView1
com.molpay.molpayexample.R$id: int imageView2
com.molpay.molpayexample.R$id: int imgChannel
com.molpay.molpayexample.R$id: int img_bankselect
com.molpay.molpayexample.R$id: int img_cardType
com.molpay.molpayexample.R$id: int img_payment
com.molpay.molpayexample.R$id: int li_addcc
com.molpay.molpayexample.R$id: int li_cc
com.molpay.molpayexample.R$id: int orderId
com.molpay.molpayexample.R$id: int paymentOpt
com.molpay.molpayexample.R$id: int pgBar
com.molpay.molpayexample.R$id: int rl_creditCard
com.molpay.molpayexample.R$id: int scrollView1
com.molpay.molpayexample.R$id: int spinner_month
com.molpay.molpayexample.R$id: int spinner_year
com.molpay.molpayexample.R$id: int textView1
com.molpay.molpayexample.R$id: int topbar
com.molpay.molpayexample.R$id: int txt_amt
com.molpay.molpayexample.R$id: int txt_bankName
com.molpay.molpayexample.R$id: int txt_countryCode
com.molpay.molpayexample.R$layout: int activity_main
com.molpay.molpayexample.R$layout: int list_item
com.molpay.molpayexample.R$layout: int molpay_main
com.molpay.molpayexample.R$layout: int payment_cc_
com.molpay.molpayexample.R$layout: int payment_cc_notoken
com.molpay.molpayexample.R$layout: int payment_detail
com.molpay.molpayexample.R$layout: int payment_list
com.molpay.molpayexample.R$menu: int main
com.molpay.molpayexample.R$string: int action_settings
com.molpay.molpayexample.R$string: int app_name
com.molpay.molpayexample.R$string: int hello_world
com.molpay.molpayexample.R$style: int AppBaseTheme
com.molpay.molpayexample.R$style: int AppTheme
...
android.support.v4.app.FragmentTabHost$SavedState
android.support.v4.app.FragmentTabHost$SavedState: android.os.Parcelable$Creator CREATOR
android.support.v4.content.ModernAsyncTask$Status: android.support.v4.content.ModernAsyncTask$Status[] values()
android.support.v4.content.ModernAsyncTask$Status: android.support.v4.content.ModernAsyncTask$Status valueOf(java.lang.String)
android.support.v4.view.PagerTabStrip: void setTabIndicatorColor(int)
android.support.v4.view.PagerTabStrip: void setTabIndicatorColorResource(int)
android.support.v4.view.PagerTabStrip: int getTabIndicatorColor()
android.support.v4.view.PagerTabStrip: void setTextSpacing(int)
android.support.v4.view.PagerTabStrip: void setBackgroundDrawable(android.graphics.drawable.Drawable)
android.support.v4.view.PagerTabStrip: void setBackgroundColor(int)
android.support.v4.view.PagerTabStrip: void setBackgroundResource(int)
android.support.v4.view.PagerTabStrip: void setDrawFullUnderline(boolean)
android.support.v4.view.PagerTabStrip: boolean getDrawFullUnderline()
android.support.v4.view.PagerTabStrip: int getMinHeight()
android.support.v4.view.PagerTitleStrip: void setSingleLineAllCaps(android.widget.TextView)
android.support.v4.view.PagerTitleStrip: void setTextSpacing(int)
android.support.v4.view.PagerTitleStrip: int getTextSpacing()
android.support.v4.view.PagerTitleStrip: void setNonPrimaryAlpha(float)
android.support.v4.view.PagerTitleStrip: void setTextColor(int)
android.support.v4.view.PagerTitleStrip: void setGravity(int)
android.support.v4.view.PagerTitleStrip: int getMinHeight()
android.support.v4.view.ViewPager: void setScrollState(int)
android.support.v4.view.ViewPager: void setAdapter(android.support.v4.view.PagerAdapter)
android.support.v4.view.ViewPager: android.support.v4.view.PagerAdapter getAdapter()
android.support.v4.view.ViewPager: void setOnAdapterChangeListener(android.support.v4.view.ViewPager$OnAdapterChangeListener)
android.support.v4.view.ViewPager: int getClientWidth()
android.support.v4.view.ViewPager: void setCurrentItem(int)
android.support.v4.view.ViewPager: int getCurrentItem()
android.support.v4.view.ViewPager: void setOnPageChangeListener(android.support.v4.view.ViewPager$OnPageChangeListener)
android.support.v4.view.ViewPager: void setChildrenDrawingOrderEnabledCompat(boolean)
android.support.v4.view.ViewPager: int getOffscreenPageLimit()
android.support.v4.view.ViewPager: void setOffscreenPageLimit(int)
android.support.v4.view.ViewPager: void setPageMargin(int)
android.support.v4.view.ViewPager: int getPageMargin()
android.support.v4.view.ViewPager: void setPageMarginDrawable(android.graphics.drawable.Drawable)
android.support.v4.view.ViewPager: void setPageMarginDrawable(int)
android.support.v4.view.ViewPager: void setScrollingCacheEnabled(boolean)
android.support.v4.view.ViewPager$SavedState
android.support.v4.view.ViewPager$SavedState: android.os.Parcelable$Creator CREATOR
android.support.v4.widget.DrawerLayout: void setScrimColor(int)
android.support.v4.widget.DrawerLayout: void setDrawerListener(android.support.v4.widget.DrawerLayout$DrawerListener)
android.support.v4.widget.DrawerLayout: void setDrawerLockMode(int)
android.support.v4.widget.DrawerLayout$SavedState
android.support.v4.widget.DrawerLayout$SavedState: android.os.Parcelable$Creator CREATOR