MOLPayExample/proguard/mapping.txt
com.molpay.molpayexample.MainActivity -> com.molpay.molpayexample.MainActivity:
    android.widget.TextView result -> a
    24:61:void onCreate(android.os.Bundle) -> onCreate
    66:82:void onActivityResult(int,int,android.content.Intent) -> onActivityResult
    87:88:boolean onCreateOptionsMenu(android.view.Menu) -> onCreateOptionsMenu
    92:94:boolean isNetworkAvailable() -> a
...
com.google.gson.internal.LazilyParsedNumber -> com.a.a.a.c:
    java.lang.String value -> a
    36:41:int intValue() -> intValue
    49:51:long longValue() -> longValue
    57:57:float floatValue() -> floatValue
    62:62:double doubleValue() -> doubleValue
    67:67:java.lang.String toString() -> toString
com.google.gson.internal.Streams -> com.a.a.a.d:
    40:59:com.google.gson.JsonElement parse(com.google.gson.stream.JsonReader) -> a
    67:68:void write(com.google.gson.JsonElement,com.google.gson.stream.JsonWriter) -> a
com.google.gson.internal.bind.TypeAdapters -> com.a.a.a.a.a:
    com.google.gson.TypeAdapter CLASS -> a
    com.google.gson.TypeAdapterFactory CLASS_FACTORY -> b
    com.google.gson.TypeAdapter BIT_SET -> c
    com.google.gson.TypeAdapterFactory BIT_SET_FACTORY -> d
    com.google.gson.TypeAdapter BOOLEAN -> e
    com.google.gson.TypeAdapter BOOLEAN_AS_STRING -> f
    com.google.gson.TypeAdapterFactory BOOLEAN_FACTORY -> g
    com.google.gson.TypeAdapter BYTE -> h
    com.google.gson.TypeAdapterFactory BYTE_FACTORY -> i
    com.google.gson.TypeAdapter SHORT -> j
    com.google.gson.TypeAdapterFactory SHORT_FACTORY -> k
    com.google.gson.TypeAdapter INTEGER -> l
    com.google.gson.TypeAdapterFactory INTEGER_FACTORY -> m
    com.google.gson.TypeAdapter LONG -> n
    com.google.gson.TypeAdapter FLOAT -> o
    com.google.gson.TypeAdapter DOUBLE -> p
    com.google.gson.TypeAdapter NUMBER -> q
    com.google.gson.TypeAdapterFactory NUMBER_FACTORY -> r
    com.google.gson.TypeAdapter CHARACTER -> s
    com.google.gson.TypeAdapterFactory CHARACTER_FACTORY -> t
    com.google.gson.TypeAdapter STRING -> u
    com.google.gson.TypeAdapterFactory STRING_FACTORY -> v
    com.google.gson.TypeAdapter STRING_BUILDER -> w
    com.google.gson.TypeAdapterFactory STRING_BUILDER_FACTORY -> x
    com.google.gson.TypeAdapter STRING_BUFFER -> y
    com.google.gson.TypeAdapterFactory STRING_BUFFER_FACTORY -> z
    com.google.gson.TypeAdapter URL -> A
com.google.gson.internal.bind.TypeAdapters$1 -> com.a.a.a.a.a$1:
    62:62:void write(com.google.gson.stream.JsonWriter,java.lang.Class) -> a
    67:67:java.lang.Class read(com.google.gson.stream.JsonReader) -> b
    59:59:java.lang.Object read(com.google.gson.stream.JsonReader) -> a
    59:59:void write(com.google.gson.stream.JsonWriter,java.lang.Object) -> a
com.google.gson.internal.bind.TypeAdapters$10 -> com.a.a.a.a.a$2:
    279:283:java.lang.Number read(com.google.gson.stream.JsonReader) -> b
    287:288:void write(com.google.gson.stream.JsonWriter,java.lang.Number) -> a
    276:276:java.lang.Object read(com.google.gson.stream.JsonReader) -> a
    276:276:void write(com.google.gson.stream.JsonWriter,java.lang.Object) -> a
com.google.gson.internal.bind.TypeAdapters$11 -> com.a.a.a.a.a$3:
    294:302:java.lang.Number read(com.google.gson.stream.JsonReader) -> b
    307:308:void write(com.google.gson.stream.JsonWriter,java.lang.Number) -> a
    291:291:java.lang.Object read(com.google.gson.stream.JsonReader) -> a
    291:291:void write(com.google.gson.stream.JsonWriter,java.lang.Object) -> a
com.google.gson.internal.bind.TypeAdapters$12 -> com.a.a.a.a.a$4:
    316:324:java.lang.Character read(com.google.gson.stream.JsonReader) -> b
    328:329:void write(com.google.gson.stream.JsonWriter,java.lang.Character) -> a
    313:313:java.lang.Object read(com.google.gson.stream.JsonReader) -> a
    313:313:void write(com.google.gson.stream.JsonWriter,java.lang.Object) -> a
com.google.gson.internal.bind.TypeAdapters$13 -> com.a.a.a.a.a$5:
    338:347:java.lang.String read(com.google.gson.stream.JsonReader) -> b
    351:352:void write(com.google.gson.stream.JsonWriter,java.lang.String) -> a
    335:335:java.lang.Object read(com.google.gson.stream.JsonReader) -> a
    335:335:void write(com.google.gson.stream.JsonWriter,java.lang.Object) -> a